               
               
┌─────────────┐
│ Scan Status │
└─────────────┘
  Scanning 28 files tracked by git with 270 Code rules:
                                                                                                                        
  Language      Rules   Files          Origin      Rules                                                                
 ─────────────────────────────        ───────────────────                                                               
  <multilang>      36      28          Pro rules     218                                                                
  python           58      16          Community      52                                                                
  yaml              1       2                                                                                           
                                                                                                                        
                
                
┌──────────────┐
│ Scan Summary │
└──────────────┘
✅ Scan completed successfully.
 • Findings: 0 (0 blocking)
 • Rules run: 95
 • Targets scanned: 28
 • Parsed lines: ~100.0%
 • Scan skipped: 
   ◦ Files matching .semgrepignore patterns: 9
 • Scan was limited to files tracked by git
 • For a detailed list of skipped files and lines, run semgrep with the --verbose flag
Ran 95 rules on 28 files: 0 findings.
If Semgrep missed a finding, please send us feedback to let us know!
See https://semgrep.dev/docs/reporting-false-negatives/
