               
               
┌─────────────┐
│ Scan Status │
└─────────────┘
  Scanning 29 files tracked by git with 225 Code rules:
                                                                                                                        
  Language      Rules   Files          Origin      Rules                                                                
 ─────────────────────────────        ───────────────────                                                               
  <multilang>       2      29          Community     225                                                                
  python           77      16                                                                                           
  json              1       1                                                                                           
                                                                                                                        
                
                
┌──────────────┐
│ Scan Summary │
└──────────────┘
✅ Scan completed successfully.
 • Findings: 0 (0 blocking)
 • Rules run: 80
 • Targets scanned: 29
 • Parsed lines: ~100.0%
 • Scan skipped: 
   ◦ Files matching .semgrepignore patterns: 9
 • Scan was limited to files tracked by git
 • For a detailed list of skipped files and lines, run semgrep with the --verbose flag
Ran 80 rules on 29 files: 0 findings.
If Semgrep missed a finding, please send us feedback to let us know!
See https://semgrep.dev/docs/reporting-false-negatives/
